AutoForwardDiff()
KenCarp4{0, true, Nothing, NLNewton{Rational{Int64}, Rational{Int64}, Rational{Int64}, Rational{Int64}}, typeof(OrdinaryDiffEqCore.DEFAULT_PRECS), Val{:forward}, true, nothing, typeof(OrdinaryDiffEqCore.trivial_limiter!)}(nothing, NLNewton{Rational{Int64}, Rational{Int64}, Rational{Int64}, Rational{Int64}}(1//100, 10, 1//5, 1//5, false, true, 0//1), OrdinaryDiffEqCore.DEFAULT_PRECS, true, :linear, :PI, OrdinaryDiffEqCore.trivial_limiter!)
3mer
Iteration  Ktri/Kdim  Efficiency
1 1.0 0.031017436703784818
2 1.003986284165016 0.03100385007035736
3 1.0059712778485048 0.030997349057624583
4 1.0079598964608139 0.030990883312081247
5 1.009952847399653 0.030984441023932646
6 1.0119503223695898 0.030978019326797526
7 1.0139523624189182 0.030971616430530466
8 1.0159589604285075 0.030965232737011107
9 1.0179700945045096 0.030958868471621503
10 1.0199857397392729 0.030701553645968542
11 1.0220058724030099 0.03069814165886974
12 1.0240304713032167 0.030694748349426766
13 1.0260595180561924 0.03069137343571282
14 1.0280929969521595 0.03068801688744713
15 1.0301308946888248 0.03068468137763754
16 1.0321732000841375 0.030681364096549476
17 1.034219903810546 0.03067806689718621
18 1.0362709981641307 0.030674788999363444
19 1.0383264768700007 0.030671530401641594
20 1.0403863349207028 0.030668291914718183
21 1.0424505684429766 0.03066499572636203
22 1.044519174588119 0.030661791193528336
23 1.046592151441684 0.030658606330612074
24 1.0486694979488604 0.030655440937581387
25 1.050751213852484 0.030652295897877924
26 1.052837299641192 0.03064917078629174
27 1.054927756505697 0.03064606631050591
28 1.0570225863014873 0.030642980926566234
29 1.0591217915169018 0.030639916718739887
30 1.0612253752451262 0.030636414105666632
31 1.06333334115955 0.030633389004280805
32 1.065445693491744 0.0306303862377172
33 1.0675624370115289 0.030627405916122875
34 1.0696835770087096 0.03062444540563333
35 1.0718091192761474 0.030621507031593737
36 1.0739390700939067 0.030618589484052956
37 1.0760734362142763 0.030615695373129883
38 1.0782122248475072 0.03061281976956805
39 1.0803554436481457 0.030609971206972203
40 1.0825031007018744 0.0306082809352552
41 1.0846552045127924 0.030605482309933135
42 1.0868117639910833 0.030602706670530347
43 1.0889727884410365 0.030599954756214416
44 1.0911382875494025 0.030599411288348068
45 1.0933082713740572 0.030596744433475317
46 1.095482750332976 0.03059410128634841
47 1.0976617351935003 0.030591484048672072
48 1.099845237061908 0.030615652427648774
49 1.1020332673732738 0.03061211628075423
50 1.1042258378816323 0.030608613026078983
51 1.1064229606504379 0.030605143559213434
52 1.1086246480433277 0.03060170811585159
53 1.1108309127151854 0.030582548617282906
54 1.1130417676035111 0.030579514840161214
55 1.1152572259200957 0.0305765085192542
56 1.1174773011429957 0.030573530431404577
57 1.1197020070088173 0.030570580711810028
58 1.1219313575052963 0.03056766082347623
59 1.1241653668641807 0.030564768090801813
60 1.126404049554403 0.03058164654388018
61 1.128647420275548 0.030578353725270072
62 1.130895493951603 0.030575094180567253
63 1.1331482857249873 0.03057187124950851
64 1.1354058109508578 0.030568679424666543
65 1.1376680851916807 0.03056552473461208
66 1.1399351242120606 0.030562405552462122
67 1.142206943973826 0.030559320422340032
68 1.1444835606313575 0.030556272276978463
69 1.1467649905271533 0.030553260331845692
70 1.1490512501876262 0.03055028483329453
71 1.1513423563191183 0.030547346047516986
72 1.1536383258041318 0.030536042020718804
73 1.1559391756977648 0.030534236627158953
74 1.1582449232243424 0.030532468226984286
75 1.16055558577424 0.03053073604082555
76 1.1628711809008874 0.030529041295329865
77 1.1651917263179448 0.03052738447834448
78 1.16751723989665 0.0305257652714608
79 1.1698477396633202 0.03052418538240728
80 1.17218324379701 0.030522643734681283
81 1.1745237706273128 0.030521142666441573
82 1.1768693386323028 0.030519680479933232
83 1.1792199664366063 0.030518261389030358
84 1.1815756728096036 0.03051688229639718
85 1.1839364766637477 0.03051554419116254
86 1.1863023970530013 0.030514249591878484
87 1.188673453171379 0.03054121422393767
88 1.1910496643515602 0.03053718113269315
89 1.193431050063714 0.03053319316662238
90 1.1958176299142977 0.03051038896377707
91 1.1982094236450107 0.03050936695483867
92 1.2006064511317656 0.030508388994947126
93 1.2030087323838095 0.03050746016447004
94 1.2054162875428986 0.030368340008397426
95 1.207829136882546 0.03036529423819618
96 1.2102473008073387 0.030362303236211065
97 1.212670799852322 0.030334976084016602
98 1.2150996546824482 0.030332592430103427
99 1.2175338860920915 0.030330258349898304
100 1.2199735150045927 0.030327974728132433
101 1.2224185624718875 0.030325741499365257
102 1.2248690496741788 0.030323559823420682
103 1.2273249979196568 0.030321430109940394
104 1.229786428644266 0.030319353548912922
105 1.2322533634115163 0.030317331342650862
106 1.2347258239123395 0.030310185559655565
107 1.2372038319649827 0.030308365738302187
108 1.2396874095149442 0.03030660371872847
109 1.2421765786349432 0.030304908636689144
110 1.2446713615249299 0.030303247939452174
111 1.2471717805121227 0.030301646534255707
112 1.2496778580510841 0.030300095991018475
113 1.2521896167238231 0.030298600553024246
114 1.2547070792399309 0.030297164731363138
115 1.257230268436741 0.03029578135647186
116 1.2597592072795207 0.030294454557385584
117 1.262293918861687 0.030293184916930203
118 1.2648344264050457 0.030291972820716332
119 1.2673807532600558 0.03029085972518883
120 1.2699329229061196 0.030289761630785558
121 1.2724909589518907 0.030288722695235585
122 1.2750548851356067 0.030287742639283858
123 1.277624725325441 0.0302868223117719
124 1.2802005035198742 0.030285962306167046
125 1.2827822438480858 0.03028516276679856
126 1.2853699705703636 0.030284362777498325
127 1.287963708078531 0.03028368484410507
128 1.290563480896392 0.030283067990903956
129 1.2931693136801907 0.030281304767444433
130 1.2957812312190913 0.030280822703616248
131 1.2983992584356685 0.030280402244940836
132 1.301023420386417 0.03028004640743571
133 1.3036537422622752 0.030279754169159925
134 1.30629024938916 0.030279500226728404
135 1.3089329672285215 0.03027934077764886
136 1.3115819213779052 0.030279246765880296
137 1.3142371375715303 0.030280383314441116
138 1.3168986416808788 0.030280424104466155
139 1.3195664597153018 0.03028053262186639
140 1.322240617822633 0.03028071523792173
141 1.324921142289815 0.030280960676496792
142 1.3276080595435404 0.030281276592048916
143 1.3303013961508994 0.030281662195606452
144 1.3330011788200435 0.030282118888703382
145 1.335707434400856 0.030282430695568588
146 1.338420189885637 0.03028304501457278
147 1.3411394724097951 0.030283731403352356
148 1.343865309250606 0.03028449092546189
149 1.3465977278320023 0.030285324933425072
150 1.3493367557231473 0.030287717601979645
151 1.352082420639174 0.030288705347677837
152 1.3548347504419271 0.030412010236618305
153 1.3575937731407188 0.03041223033777315
154 1.3603595168930913 0.030412391865869463
155 1.3631320100055893 0.030412784251558373
156 1.3659112809345406 0.030413267168602383
157 1.3686973582868485 0.03041392985662692
158 1.3714902708207874 0.0304267178252446
159 1.3742900474470057 0.03042810158423882
160 1.3770967172289388 0.030429577146324042
161 1.3799103093838452 0.0304311475646661
162 1.3827308532836406 0.030432812737082267
163 1.3855583784557366 0.030434580018348794
164 1.3883929145838918 0.030436343929418287
165 1.39123449150907 0.030438306815195243
166 1.3940831392303035 0.03044036793256767
167 1.3969388879055697 0.030442535732533388
168 1.3998017678526709 0.030444804332503815
169 1.4026718095501245 0.030452654586764508
170 1.4055490436380615 0.030455423219543715
171 1.4084335009191293 0.030458298370431233
172 1.4113252123594076 0.03046128067121876
173 1.4142242090893271 0.030464369786965036
174 1.4171305224045991 0.03046755750991492
175 1.4200441837671525 0.030470867185682735
176 1.4229652248060736 0.030474287190397343
177 1.4258936773185615 0.030477820393156906
178 1.4288295732708847 0.030481468022763598
179 1.431772944799346 0.03048523010678567
180 1.4347238242112588 0.030489013900594938
181 1.4376822439859263 0.0304930072797557
182 1.44064823677563 0.0304971191768384
183 1.4436218354066253 0.03050135175500573
184 1.446603072880146 0.030491376508297526
185 1.4495919823734096 0.03049609682545156
186 1.4525885972406396 0.030500938443906014
187 1.455592951014087 0.030505903353278154
188 1.4586050774050643 0.030510991270948428
189 1.461625010304983 0.03051620572849988
190 1.464652783786399 0.03052154618054669
191 1.4676884321040655 0.030527014561528076
192 1.4707319896959965 0.030532612836312756
193 1.4737834911845302 0.0305383417867347
194 1.4768429713774036 0.030544198407676935
195 1.4799104652688357 0.03055019461248604
196 1.4829860080406148 0.030556326238284425
197 1.486069635063193 0.030562603925126698
198 1.4891613818967884 0.030569012237935195
199 1.4922612842924952 0.03057555933330356
200 1.4953693781933977 0.030581585223516783
201 1.4984856997356937 0.030588425532480538
202 1.5016102852498248 0.03059541133579896
203 1.5047431712616104 0.03063373059310362
204 1.5078843944933908 0.030640859766163382
205 1.511033991865179 0.030647956962743333
206 1.5141920004957121 0.030655217226176
207 1.517358457703831 0.030661912804190342
208 1.5205334010095388 0.030669491767312314
209 1.5237168681351734 0.030638510148937304
210 1.5269088970065927 0.03067340937295522
211 1.5301095257543635 0.030682824602293525
212 1.533318792714959 0.030693288359877544
213 1.5365367364319593 0.030703948607427253
214 1.5397633956572616 0.030714809989189906
215 1.5429988093522948 0.030725873819925684
216 1.5462430166892418 0.030737144096871345
217 1.5494960570522696 0.030697556176240762
218 1.5527579700387597 0.03070870998870352
219 1.5560287954605514 0.030719951785713715
220 1.5593085733451868 0.030731403353618965
221 1.5625973439371654 0.03074306960661698
222 1.565895147699202 0.030754944788008366
223 1.5692020253134396 0.030767074374855582
224 1.572518017682832 0.030779396160268663
225 1.5758431659323615 0.03079193879771103
226 1.5791775114103213 0.03080485739341063
227 1.5825210956896052 0.03081780711006962
228 1.5858739605690013 0.030831033651354978
229 1.5892361480737667 0.03084449343566851
230 1.5926077004584436 0.030858059275067858
231 1.5959886602073794 0.030871988386530335
232 1.599379070036043 0.03088616367216419
233 1.6027789728923494 0.03090058684539237
234 1.6061884119579828 0.030915261926394138
235 1.609607430649735 0.030930192774381318
236 1.61303607262084 0.030909421564634762
237 1.616474381762489 0.030924430470016598
238 1.6199224022050536 0.030939700243238905
239 1.623380178319368 0.030955234107600038
240 1.6268477547180284 0.030971043048492887
241 1.6303251762568811 0.030987118805010906
242 1.6338124880363285 0.03100347033339235
243 1.637309735402817 0.0310201016814921
244 1.640816963949949 0.03084853361144706
245 1.6443342195200112 0.030863398104674228
246 1.6478615482053618 0.03087852069623424
247 1.6513989963498144 0.03089390336311493
248 1.6549466105500326 0.030909550831544567
249 1.6585044376569233 0.03092546449779817
250 1.6620725247770343 0.03094164843044826
251 1.6656509192739533 0.03095810673286813
252 1.6692396687697182 0.030974841949487707
253 1.672838821146218 0.03099185723522594
254 1.676448424546606 0.031009156210747273
255 1.6800685273767118 0.031026742612336886
256 1.6836991783064539 0.031044619547278742
257 1.6873404262712568 0.03106286396365616
258 1.6909923204734705 0.0310813331650757
259 1.69465491038379 0.031100102872226663
260 1.6983282457426772 0.031119176849873396
261 1.702012376561784 0.031138560338701694
262 1.7057073531253735 0.031158254924933397
263 1.709413225991749 0.031178264978213223
264 1.7131300459947214 0.031198604286635494
265 1.7168578642449888 0.031219274785355272
266 1.720596732131558 0.03124027221809224
267 1.7243467013231744 0.031261601852320776
268 1.7281078237697414 0.03128326609339266
269 1.7318801517037483 0.031305271006139467
270 1.7356637376416877 0.031327618885463905
271 1.7394586343854812 0.03135031514916915
272 1.743264895023889 0.03137340488326624
273 1.7470825729339459 0.03139681018311715
274 1.7509117217823604 0.03133462891230463
275 1.7547523955269315 0.03135313813238784
276 1.7586046484179503 0.03137190555148118
277 1.7624685349996079 0.03139093480840863
278 1.766344110111396 0.0314102295445001
279 1.7702314288894976 0.0314297904880264
280 1.7741305467681832 0.031448994983915284
281 1.7780415194811905 0.03146838490966107
282 1.7819644030631057 0.03148807280398488
283 1.785899253850732 0.031508063255829985
284 1.7898461284844571 0.031528361037848465
285 1.79380508390961 0.03154896971514874
286 1.7977761773778078 0.031569882345270694
287 1.8017594664482988 0.03159108925394435
288 1.8057550089892933 0.03161262119231894
289 1.8097628631792841 0.03163448642283476
290 1.813783087508359 0.03165669040681514
291 1.8178157407794993 0.03167923802828311
292 1.8218608821098712 0.0317021328142526
293 1.8259185709320982 0.03172538083802255
294 1.8299888669955235 0.031748988761942785
295 1.8340718303674595 0.03177296155084285
296 1.8381675214344206 0.03181367641359152
297 1.842276000903346 0.03187047586679661
298 1.8463973298027987 0.031926093314663444
299 1.8505315694850304 0.031931259504262254
300 1.8546787816253183 0.03206555305125468
301 1.8588390282240712 0.032122255190657534
302 1.8630123716079612 0.03216002996320102
303 1.8671988744310286 0.03218767074444994
304 1.87139859967577 0.03222038998563766
305 1.8756116106544143 0.03225495469613484
306 1.8798379710095188 0.03228918136135789
307 1.8840777447152177 0.03232242260846514
308 1.8883309960782355 0.03235472425695521
309 1.8925977897387967 0.032387095475959714
310 1.8968781906720007 0.032419560450766355
311 1.9011722641885438 0.03235351495552013
312 1.905480075935272 0.03244306812867537
313 1.9098016918959275 0.03247479716433725
314 1.9141371783921923 0.032506704116022085
315 1.9184866020843472 0.03253883478572611
316 1.9228500299720213 0.03257120096739878
317 1.927227529394897 0.03260382098165079
318 1.9316191680333805 0.032636670991159196
319 1.9360250139092232 0.0328759402065575
320 1.9404451353861083 0.03290291262082447
321 1.944879601170191 0.03293050960815894
322 1.9493284803105915 0.032958640952686656
323 1.953791842199837 0.03298731646833126
324 1.958269756574259 0.03301654459195657
325 1.962762293514339 0.03304633623562942
326 1.9672695234449997 0.03307669875004675
327 1.971791517135838 0.033119819669083395
328 1.976328345701306 0.03315150485628278
329 1.9808800806008253 0.03318278501696471
330 1.9854467936388436 0.033215039511175576
331 1.99002855696483 0.03327302182504279
332 1.9946254430732029 0.033307328486479854
333 1.9992375248031846 0.03334229839045165
334 2.0038648753385835 0.033377917165240585
335 2.0085075682075115 0.03321321457129415
336 2.0131656772820183 0.03326149704253997
337 2.017839276777645 0.033310544872518354
338 2.022528441252903 0.033360371175388426
339 2.0272332456086577 0.0334109896003442
340 2.0319537650874353 0.033462414448736925
341 2.036690075272629 0.03351466018891433
342 2.0414422520876188 0.033567741823672455
343 2.0462103717947864 0.033621674010099335
344 2.0509945109944376 0.033676471396914216
345 2.0557947466236106 0.03373214995044407
346 2.0606111559547835 0.03378879285864957
347 2.065443816594472 0.03384628391696502
348 2.070292806481702 0.03405508659014197
349 2.075158203886374 0.03371342032158441
350 2.0800400874074936 0.033767811866719365
351 2.084938535971283 0.03383272051976553
352 2.0898536288277856 0.03388255712760676
353 2.0947854455514823 0.03393950864601469
354 2.099734066038268 0.03399819027262696
355 2.104699570503016 0.03405884421554414
356 2.1096820394760623 0.034120482086135565
357 2.1146815538005277 0.0341831264799298
358 2.119698194629333 0.03424678985641622
359 2.124732043422197 0.034309092498399245
360 2.1297831819424062 0.034374848851452686
361 2.1348516922534184 0.03444168705001931
362 2.1399376567152633 0.03449961264968178
363 2.145041157980773 0.03456860735343328
364 2.150162278991602 0.03463913803239189
365 2.155301102974081 0.03471047909179659
366 2.160457713434778 0.034783019958443885
367 2.1656321941559296 0.03485678498066168
368 2.170824629191105 0.034931799668438145
369 2.1760351028591676 0.03500808953980106
370 2.181263699739507 0.03508568250636078
371 2.1865105046665154 0.03516460080385713
372 2.1917756027238107 0.03524487386443799
373 2.1970590792382163 0.035326529402295886
374 2.2023610197734573 0.03540960154741364
375 2.2076815101235994 0.035513508695337995
376 2.2130206363061933 0.03559951989868978
377 2.218378484555138 0.03568859452823734
378 2.2237551413132493 0.035777757066182095
379 2.229150693224505 0.035831211936108956
380 2.2345652271259824 0.03592358718481104
381 2.2399988300394793 0.03601762342007328
382 2.245451589162783 0.036113362766166064
383 2.2509235918605994 0.03621084317399858
384 2.2564149256551294 0.036310104922443985
385 2.2619256782162704 0.036411189262544705
386 2.2674559373514485 0.036514137291474374
387 2.2730057909950605 0.03661899655249985
388 2.2785753271974953 0.03693331016280436
389 2.2841646341152466 0.03705214850699162
390 2.28977379999818 0.03715548781543583
391 2.295402913176389 0.03702418127518505
392 2.301052062047574 0.03712272866979347
393 2.3067213350639526 0.0372230442227404
394 2.3124108207186955 0.037325174340971545
395 2.318120607531876 0.03737356630439599
396 2.3238507840359093 0.03749677258568644
397 2.32960143876048 0.037642845745881705
398 2.33537266021694 0.03775269759291353
399 2.3411645368821556 0.03786451926666116
400 2.3469771571817986 0.03797840386913534
401 2.3528106094730745 0.038094354557093243
402 2.358664982026845 0.03821254224829737
403 2.3645403630091564 0.038332956475681246
404 2.370436840462149 0.038455198665916346
405 2.37635450228433 0.03857825479349257
406 2.3822934362102 0.03870369524231734
407 2.3882537297892013 0.038831640027603705
408 2.3942354703639945 0.03896214593897996
409 2.400238745048023 0.03909531890635868
410 2.406263640702363 0.03947801117786532
411 2.4123102439116626 0.039479073670319324
412 2.418378640959783 0.03962429664269018
413 2.4244689178043854 0.03977212384909472
414 2.4305811600506346 0.03992179347029834
415 2.436715452924184 0.04007430408358773
416 2.4428718812433448 0.04022973673574272
417 2.4490505293904112 0.04038817532798838
418 2.455251481282114 0.040549663116448774
419 2.4614748203418038 0.04071437225914899
420 2.467720629465246 0.04088235662611664
421 2.473988990988077 0.04097068778921527
422 2.480279986652692 0.0411806992268287
423 2.4865936975741643 0.04138118529886915
424 2.492930204205169 0.04158690305243643
425 2.499289586299907 0.04179473288264156
426 2.5056719228769855 0.0419377494783014
427 2.5120772921811545 0.042386612444077265
428 2.518505771644357 0.04262817237016557
429 2.5249574378452393 0.04287751353604599
430 2.5314323664677247 0.04313553181663486
431 2.537930632258489 0.0434027381087449
432 2.5444523089832685 0.04367989839887761
433 2.5509974693820086 0.04396774208742892
434 2.5575661851228486 0.04413569004634486
435 2.564158526754891 0.044481748140586724
436 2.5707745636597568 0.04479187390524711
437 2.5774143640019123 0.04511410550982633
438 2.5840779946777386 0.045383332168948465
439 2.590765521263321 0.04554972937523181
440 2.5974770079609804 0.04580130134373976
441 2.6042125175444806 0.046011730698003746
442 2.610972111302936 0.04622656680362101
443 2.6177558489833723 0.04597709397659272
444 2.6245637887319613 0.04627333998052522
445 2.631395987033882 0.046577339014203974
446 2.6382524986518314 0.04688943491187996
447 2.6451333765648357 0.0472099294314265
448 2.652038671902637 0.04753949899206084
449 2.6589684338790756 0.04787804706592975
450 2.6659227097257476 0.04822662656392034
451 2.672901544622422 0.0485851740839757
452 2.6799049816277734 0.04895411603297596
453 2.686933061608137 0.0493334015868663
454 2.6939858231648355 0.04972282734483095
455 2.7010633025600805 0.05027321559128037
456 2.7081655336414343 0.05065641796334017
457 2.7152925477648693 0.05105028230295833
458 2.7224443737163884 0.0514560548516943
459 2.729621037632269 0.05187247005204053
460 2.7368225629178635 0.05230088861385237
461 2.744048970165062 0.05274182636596297
462 2.7513002770683395 0.05319582001706215
463 2.7585764983395236 0.05366344887164111
464 2.7658776456212157 0.05414532495750835
465 2.7732037273987733 0.054642572583822525
466 2.7805547489111584 0.055154749978034955
467 2.787930712060502 0.05568329259769107
468 2.7953316153204217 0.05668930462709985
469 2.8027574536431703 0.057176184742561934
470 2.8102082183656205 0.05767833350518243
471 2.817683897114166 0.05819870466713057
472 2.8251844737085468 0.0587316013358217
473 2.832709928064656 0.059282181402558386
474 2.8402602360964053 0.05985130687444146
475 2.847835369616526 0.060439903669424824
476 2.855435296235578 0.06104895894824409
477 2.863059979262362 0.061679545697206635
478 2.8707093776025894 0.06233282023814885
479 2.878383445658251 0.06301031911580345
480 2.886082133222171 0.06372156125080951
481 2.8938053853765764 0.06409846262213006
482 2.901553142389677 0.06492225512807046
483 2.9093253396119443 0.06577906790265726
484 2.917121907372183 0.06667080106346135
485 2.9249427708734825 0.06775977610011917
486 2.9327878500891793 0.06875181857509352
487 2.940657059658092 0.06978697824396907
488 2.9485503087825244 0.07086795854285964
489 2.956467501123983 0.07199805220139509
490 2.9644085347002553 0.07315487579327355
491 2.9723733017830964 0.07439132129532773
492 2.9803616887966418 0.07572236829091132
493 2.9883735762166896 0.07708327073211702
494 2.9964088384709826 0.07852107862155494
495 3.0044673438406595 0.08002969467755486
496 3.012548954363016 0.08161086829573906
497 3.020653525735723 0.08328822345662942
498 3.028780907222691 0.08506048059413145
499 3.036930941561697 0.08730794980583292
500 3.0451034648752415 0.08924646509760716
501 3.0532983065796917 0.09129988256708656
502 3.061515289300664 0.09347857424598387
503 3.0697542287895576 0.09579458653967723
504 3.078014933842735 0.09826113090959589
505 3.086297206223578 0.10069891922409181
506 3.0946008405875536 0.10319817663814522
507 3.1029256244025825 0.10584518151955828
508 3.1112713378838794 0.10868671402262112
509 3.1196377539357107 0.11172560050811149
510 3.1280246380903756 0.1149882829737499
511 3.136431748451195 0.11850028768366323
512 3.144858835639715 0.12229100374581607
513 3.1533056427472816 0.12639466311009348
514 3.1617719052912028 0.13085137272986674
515 3.170257351175704 0.13570832792020365
516 3.1787617004680495 0.14102149705038944
517 3.1872846657661973 0.14685778549975295
518 3.1958259519668637 0.15329998028444886
519 3.2043852562476043 0.1604448485589034
520 3.2129622680545755 0.1684126509586457
521 3.221556669096146 0.17735329163037206
522 3.2301681333425813 0.18745542531076018
523 3.238796327031892 0.1989597871461486
524 3.247440908682037 0.21211712112350914
525 3.256101529109652 0.2261783995654762
526 3.264777831455434 0.24251508558060142
527 3.2734694512163114 0.26172675909087595
528 3.282176016284535 0.28464876647337245
529 3.2908971469938106 0.3124504452149494
530 3.2996324561723567 0.3468792720629525
531 3.3083815492038835 0.3906173950289829
532 3.317144024095228 0.4479752424226402
533 3.3259194715516447 0.5229318233846183
534 3.334707475059531 0.6301217662734598
535 3.343507610976759 0.7959934305321393
536 3.3523194486184615 1.0809758937280607
537 3.3611425503872976 1.693236301041025
538 3.369976471873873 3.7946869196648567
539 3.3788207619771757 5.759267218871835
540 3.3876749630330263 6.891416489329348
541 3.39653861094996 7.871737006247502
542 3.4054112353526182 8.136143309092953
543 3.414292359732644 8.414591549503719
544 3.4231815016058964 8.708092404840098
545 3.432078172650656 9.017749429927298
546 3.440981878913318 9.344754652941285
547 3.449892120987715 9.690408768911748
548 3.458808394201488 10.056132744376322
549 3.4677301888092646 10.443483043862303
550 3.4766569901925006 10.854178487229404
551 3.485588279065798 11.290099812560692
552 3.494523531689479 11.753353759596582
553 3.5034622200882706 12.246275860144237
554 3.5124038122757733 12.77148396274954
555 3.521347772484543 13.256288429740685
556 3.5302935614015145 13.37312281798615
557 3.539240636407775 13.49071455320163
558 3.54818845182532 13.609065567919135
559 3.557136459166002 13.72817580418738
560 3.566084107385499 13.84804405451862
561 3.5750308431411333 13.968671362205544
562 3.5839761110532673 14.090057433545931
563 3.592919353969842 14.212202514203806
564 3.6018600132338636 14.335105010425236
565 3.6107975289533742 14.458766812931158
566 3.6197313402736078 14.583187187709107
567 3.628660885650935 14.708364511412546
568 3.637585603128261 14.834300444346475
569 3.6465049306114845 14.960992710552823
570 3.655418306146625 15.088441763594565
571 3.6643251681973337 15.216647024185232
572 3.6732249559222825 15.345607305304656
573 3.6821171094521326 15.475322801901257
574 3.6910010701656906 15.605792143279416
575 3.699876280964901 15.73701440770914
576 3.708742186548243 15.868989509321395
577 3.717598233682244 16.001715856399105
578 3.726443871470652 16.135192353343186
579 3.7352785516210445 16.26941843559544
580 3.7441017287083564 16.40380100075166
581 3.7529128604350985 16.53933586400899
582 3.7617114078878946 16.67561147804089
583 3.7704968357580833 16.812626915088448
584 3.7792686126561876 16.950380092900307
585 3.7880262113210397 17.088870401280293
586 3.796769108858534 17.228095442403067
587 3.805496786975088 17.36805239711943
588 3.814208732188244 17.508742380773263
589 3.8229044360452136 17.650161535864193
590 3.8315833953665224 17.792307342653398
591 3.840245112455395 17.935180217190183
592 3.848889095300977 18.078776541003176
593 3.8575148577748197 18.22309413952568
594 3.866121919820718 18.36813027002225
595 3.874709807637591 18.51388404930827
596 3.8832780538552822 18.66035202068045
597 3.891826197703136 18.807531168395638
598 3.900353785171196 18.9554205089548
599 3.9088603691640293 19.104020133029554
600 3.917345509646885 19.25331952414058
601 3.9258087737842584 19.403322897660022
602 3.934249736070734 19.554022334203253
603 3.9426679784541108 19.705418766520516
604 3.951063090450702 19.85751068783198
605 3.959434669252848 20.010289939360934
606 3.9677823198286157 20.16375447803296
607 3.976105655013736 20.31790027567683
608 3.9844042955956596 20.364414522769717
609 3.9926778703899735 20.38942437956726
610 4.000926016309118 20.414116815305615
611 4.009148378423463 20.43849124172717
612 4.017344610014832 20.462548794204764
613 4.025514372622606 20.486291243797204
614 4.033657336082449 20.50971525088388
615 4.041773178557729 20.532824916705913
616 4.0498615865638605 20.55561574550005
617 4.057922254985644 20.578092843867907
618 4.065954887087716 20.60053515241002
619 4.073959194518298 20.622381387155954
620 4.081934897306351 20.643914835729063
621 4.089881723852354 20.665132928357703
622 4.097799410912807 20.68603995472388
623 4.105687703578675 20.70663447027066
624 4.113546355247998 20.726915412287124
625 4.121375127592664 20.746880894374907
626 4.1291737905197285 20.766537820368985
627 4.1369421221275005 20.785886094702228
628 4.144679908656346 20.804928608295985
629 4.152386944434587 20.823664558256414
630 4.160063031761674 20.84209579579283
631 4.167707980965494 20.860221744004537
632 4.1753216102714825 20.878046484003757
633 4.182903745730934 20.8955686043686
634 4.190454221145139 20.912791299454774
635 4.197972877985851 20.929713392514902
636 4.205459565312208 20.946338089883028
637 4.212914139684296 20.962667002530118
638 4.2203364650735615 20.978701639964367
639 4.227726412770265 20.994441315202213
640 4.23508386128817 21.009887487480118
641 4.24240869626667 21.025043656739655
642 4.249700810370503 21.039910437779803
643 4.256960103187282 21.054489856615756
644 4.26418648112299 21.0687818742886
645 4.271379857295639 21.08278988644113
646 4.278540151427293 21.09651451507728
647 4.285667289734416 21.1099561719656
648 4.292761204817121 21.12311838457325
649 4.299821835547092 21.1360021170302
650 4.306849126954516 21.14860860594315
651 4.313843030114163 21.16094021928019
652 4.3208035019919295 21.172998306419842
653 4.327730505373052 21.184784430030312
654 4.334624008746588 21.196299991704876
655 4.341483986189072 21.20754823952544
656 4.348310417247731 21.218182226446803
657 4.355103286823884 21.228453283846846
658 4.361862585056424 21.238479594437987
659 4.368588307205144 21.248261538223982
660 4.3752804535351 21.25780045953311
661 4.381939029200759 21.267096953197896
662 4.3885640441308285 21.276153372947427
663 4.395155512913712 21.284972948563336
664 4.401713454683726 21.293554819391566
665 4.408237893007925 21.301902452796902
666 4.414728855773835 21.310014713689917
667 4.421186375078106 21.317896156649578
668 4.427610487116147 21.325547540763218
669 4.434001232072829 21.33296933192093
670 4.4403586540142115 21.340163848038344
671 4.446682800780538 21.34713318827003
672 4.452973723880296 21.35387837732554
673 4.4592314783860685 21.36040174951049
674 4.465456122830878 21.36670388073651
675 4.471647719106284 21.372787717935477
676 4.477806332361884 21.37865241522294
677 4.483932030906232 21.384302201561397
678 4.490024886109207 21.38973837464057
679 4.4960849723058836 21.394960560586426
680 4.502112366701879 21.399972552533324
681 4.508107149280265 21.40477455471245
682 4.514069402655002 21.409369072941868
683 4.519999212095044 21.413756843314193
684 4.525896665376524 21.417941147085735
685 4.531761852695944 21.421921581532356
686 4.537594866584992 21.42570023239579
687 4.543395801826931 21.429279719708205
688 4.549164755374626 21.432660990503127
689 4.554901826270158 21.435844997525184
690 4.56060711556607 21.4388349239431
691 4.566280726248198 21.44163067058016
692 4.571922763160133 21.44423442255291
693 4.577533332929272 21.446648586858657
694 4.583112543894467 21.448873161709642
695 4.588660506035226 21.45091098321805
696 4.594177330902599 21.45276252869654
697 4.599663131551571 21.45443034580343
698 4.605118022474893 21.45591589511477
699 4.610542119538608 21.457220423562507
700 4.615935539919075 21.458345234071096
701 4.621298402041481 21.459291743480193
702 4.626630825519857 21.460061897978036
703 4.6319329310985 21.460657706192208
704 4.6372048405951105 21.461079131362574
705 4.642446676845099 21.461328897672622
706 4.64765856364742 21.461407903586856
707 4.6528406257118045 21.46131847507407
708 4.657992988607391 21.461060641825537
709 4.6631157787127 21.460637034748537
710 4.668209123167035 21.460049446088824
711 4.673273149823017 21.459298525234644
712 4.678307987200608 21.458384765482403
713 4.683313764442342 21.45731168458514
714 4.688290611269829 21.456079179240653
715 4.693238657941476 21.45468902384928
716 4.698158035211436 21.45314395878698
717 4.703048874289735 21.45144255248971
718 4.707911306803583 21.449588358314728
719 4.712745464759816 21.44758231737767
720 4.71755148050847 21.44542621442154
721 4.722329486707447 21.443119860068958
722 4.727079616288261 21.440666720767318
723 4.731802002422848 21.438066045753377
724 4.736496778491389 21.435320223517692
725 4.7411640780511695 21.432431609152097
726 4.7458040348063975 21.42939936231962
727 4.750416782579019 21.42622617855707
728 4.755002455280457 21.42291341509156
729 4.759561186884273 21.419461279916437
730 4.764093111399747 21.41587214599937
731 4.768598362846319 21.412147163511047
732 4.7730770752289065 21.408287155116614
733 4.777529382514045 21.404293456595212
734 4.781955418606863 21.400167763173506
735 4.786355317328848 21.395910774652144
736 4.790729212396383 21.39152340297598
737 4.7950772374000605 21.387007980266404
738 4.799399525784719 21.382364461121487
739 4.803696210830211 21.377594839760786
740 4.807967425632874 21.37270079910424
741 4.812213303087682 21.367682209964205
742 4.816433975871058 21.362541360946746
743 4.8206295764243405 21.357279129661674
744 4.824800236937885 21.35189598704754
745 4.828946089335773 21.34639328919799
746 4.833067265261084 21.34077381651298
747 4.837163896061861 21.33503583907989
748 4.841236112777463 21.329183401313692
749 4.845284046125692 21.323215516295903
750 4.849307826490251 21.317133905857965
751 4.85330758390881 21.310940292933598
752 4.8572834480615645 21.304634972891144
753 4.861235548150783 21.298218903894362
754 4.86516401311906 21.291694265388326
755 4.869068971519215 21.285061142460865
756 4.872950551504797 21.278320606550924
757 4.876808880821016 21.271517477704425
758 4.880644086796087 21.264565383309467
759 4.884456296332974 21.25750924538399
760 4.888245635901531 21.250349440162566
761 4.892012231531016 21.243088335237374
762 4.895756208802976 21.23572568729443
763 4.89947769284449 21.228262979715037
764 4.903176808321757 21.22070093081409
765 4.906853679434017 21.213040989058197
766 4.910508429907805 21.205283797581043
767 4.9141411829915 21.197430314628434
768 4.917752061450207 21.189481811598203
769 4.92134118756091 21.181439551316927
770 4.924908683107922 21.173303593070045
771 4.928454669378602 21.165076057393943
772 4.931979267159359 21.156756449128892
773 4.935482596731891 21.14834695876279
774 4.938964777869689 21.139847294749373
775 4.942425929834861 21.13125930843282
776 4.945866171374904 21.122583914066855
777 4.949285620720077 21.113821368497057
778 4.952684395580746 21.104972788946768
779 4.956062613144943 21.096039459437566
780 4.959420390076363 21.08702154956873
781 4.962757842512321 21.07792087639483
782 4.966075086061953 21.068737414073265
783 4.969372235804623 21.05947212551056
784 4.972649406288517 21.050125989348814
785 4.975906711529327 21.0407000046872
786 4.979144265009217 21.031195074546034
787 4.9823621796758735 21.021611250073516
788 4.985560567941714 21.01195014195451
789 4.988739541683257 21.00221260262459
790 4.991899212240627 20.992398330406083
791 4.995039690417193 20.982509723349786
792 4.998161086479333 20.972546737821396
793 5.001263510156331 20.962509777589485
794 5.004347070640398 20.952400366584413
795 5.007411876586784 20.94221852168038
796 5.010458036114036 20.931965652944456
797 5.013485656801508 20.92164257856995
798 5.016494845676609 20.91124905205998
799 5.0194857092334475 20.900786797943933
800 5.022458353433474 20.890256311362243
801 5.0254128837059335 20.87965785756047
802 5.028349404948522 20.868992650417052
803 5.0312680215281285 20.85826159549969
804 5.034168837690935 20.84746473312547
805 5.037051956722756 20.836602840095424
806 5.039917481382826 20.82567711233699
807 5.04276551390477 20.814688305707737
808 5.045596155997658 20.803637186805496
809 5.048409508834846 20.79252338802035
810 5.051205673062746 20.78134826584399
811 5.053984748808703 20.77011272049505
812 5.0567468356823895 20.758816940010412
813 5.059492032776956 20.74746179816321
814 5.062220438670358 20.736048006563472
815 5.064932151426758 20.724576346610306
816 5.067627268597988 20.71304695754206
817 5.070305887225025 20.70146078481904
818 5.0729681038395364 20.689818562713118
819 5.075614014465648 20.678120940333763
820 5.078243714621545 20.66636719853831
821 5.080857299321195 20.654560561331177
822 5.08345486307611 20.642699241181344
823 5.086036499897185 20.630785628882734
824 5.088602303296485 20.618819054873878
825 5.091152366289088 20.606800294203754
826 5.093686781395178 20.594730672983726
827 5.096205640641873 20.58260974530601
828 5.098709035565194 20.570438929882965
829 5.101197057212068 20.558218259759407
830 5.103669796142381 20.545948687189608
831 5.106127342430874 20.533630194345733
832 5.108569785669431 20.521263988777342
833 5.110997214969043 20.5088504477895
834 5.113409718961889 20.49639034235288
835 5.115807385803489 20.483882853729025
836 5.118190303174659 20.471330416158963
837 5.120558558283946 20.458732799709818
838 5.122912237869578 20.446089658026192
839 5.125251428201501 20.43340277428506
840 5.127576215083905 20.42067250221733
841 5.129886683857258 20.407898330556915
842 5.132182919400111 20.395081183018913
843 5.134465006131702 20.382222526600877
844 5.136733028013997 20.369321759982686
845 5.138987068553736 20.356380169982867
846 5.141227210804912 20.343397224778226
847 5.143453537370657 20.330374610490306
848 5.145666130405634 20.31731236499094
849 5.147865071618116 20.304210137920933
850 5.150050442272311 20.29106932285321
851 5.152222323190348 20.277890434560266
852 5.154380794754553 20.264672971625902
853 5.1565259369095955 20.251418898016677
854 5.158657829164667 20.238126863160257
855 5.160776550595633 20.22479989052917
856 5.162882179847155 20.211435107051184
857 5.164974795134902 20.19803555294919
858 5.1670544742477 20.18460027869274
859 5.169121294549586 20.171130902061496
860 5.171175332982009 20.15764543295821
861 5.173216666065927 20.14419466313106
862 5.175245369903936 20.130709975705884
863 5.177261520182338 20.117191696212977
864 5.1792651921732356 20.103641107659524
865 5.181256460736666 20.090058418421382
866 5.183235400322613 20.076443302841312
867 5.185202084973096 20.06279683646597
868 5.187156588324288 20.049119701169484
869 5.189098983608417 20.035410817586587
870 5.191029343655873 20.021671702653624
871 5.192947740897228 20.007903685461088
872 5.194854247365245 19.994105165414005
873 5.196748934696863 19.980277914538185
874 5.198631874135203 19.966420937878052
875 5.200503136531524 19.95253536854835
876 5.202362792347186 19.938621485003633
877 5.204210911655599 19.924680690877587
878 5.206047564144162 19.91071153337925
879 5.207872819116186 19.896715641628095
880 5.209686745492794 19.882692814789074
881 5.211489411814834 19.868644263410417
882 5.213280886244749 19.85456861611018
883 5.215061236568453 19.840467443312875
884 5.216830530197198 19.826341161953557
885 5.218588834169418 19.812189671719867
886 5.220336215152588 19.79801286726517
887 5.222072739444967 19.783812414115882
888 5.2237984729774425 19.769587294930897
889 5.2255134813153346 19.755338795101196
890 5.227217829660165 19.741065727440922
891 5.228911582851423 19.726770885386014
892 5.230594805368334 19.712452786416574
893 5.232267561331577 19.69811191078381
894 5.233929914505029 19.683748587716504
895 5.235581928297462 19.669363656987635
896 5.237223665764255 19.654956885145364
897 5.238855189609071 19.640528517935305
898 5.240476562185543 19.6260798508867
899 5.242087845498923 19.611610024383285
900 5.243689101207726 19.597119497712562
901 5.245280390625378 19.58260907754505
902 5.2468617747218245 19.56807814217584
903 5.2484333141251405 19.5540125840595
904 5.249995069123134 19.539442521010344
905 5.251547099664922 19.524854414439584
906 5.253089465362498 19.51024615686524
907 5.2546222254923025 19.49561998870588
908 5.256145438996748 19.48097537053235
909 5.257659164485771 19.466312796546994
910 5.259163460238336 19.451632731608026
911 5.260658384203955 19.43693510557761
912 5.2621439940041785 19.42222047110666
913 5.263620346934079 19.40748877337031
914 5.265087499963718 19.392739860533137
915 5.266545509739447 19.377975442957887
916 5.267994432585838 19.36319419242103
917 5.269434324506657 19.348397089935368
918 5.270865241186424 19.333584868355246
919 5.272287237991845 19.318756668723942
920 5.2737003699732 19.30391407760095
921 5.275104691865736 19.289055714383274
922 5.276500258091053 19.274182224237308
923 5.277887122758465 19.259880620559205
924 5.279265339666491 19.244978076649115
925 5.280634962303933 19.230061012056595
926 5.281996043851354 19.2151308975456
927 5.283348637182403 19.200186635598442
928 5.284692794865137 19.185229818677783
929 5.286028569163316 19.170259638406026
930 5.2873560120377086 19.155276736194924
931 5.2886751751473735 19.140280931610853
932 5.2899861098509335 19.125272480398205
933 5.291288867207848 19.110252240835457
934 5.292583497979671 19.095219994973878
935 5.293870052631289 19.080175633849137
936 5.295148581332166 19.065119276761195
937 5.296419133957571 19.050052243303387
938 5.297681760089802 19.034973799803705
939 5.298936509019387 19.01988460467832
940 5.300183429746293 19.00478485971381
941 5.301422570981129 18.98967414770001
942 5.30265398114631 18.974553108809555
943 5.303877708377262 18.959421272353488
944 5.305093800523564 18.94428118919349
945 5.306302305150121 18.929129977585255
946 5.30750326953832 18.913938946592136
947 5.308696740687169 18.898769107699486
948 5.3098827653144385 18.883589881478454
949 5.311061389857793 18.86840206778223
950 5.312232660475908 18.853205352591306
951 5.313396623049592 18.83799981177604
952 5.314553323182893 18.822785495571516
953 5.31570280620418 18.807563088326855
954 5.316845117167272 18.79233318358012
955 5.317980300852519 18.777094585228674
956 5.31910840176787 18.761847938646596
957 5.320229464149957 18.74659453360155
958 5.321343531965156 18.731333674527075
959 5.322450648910655 18.71606509374642
960 5.323550858415507 18.70078945763159
961 5.324644203641685 18.685507873502132
962 5.325730727485131 18.67021840427604
963 5.326810472576952 18.65492274484103
964 5.327883481284103 18.639620847970278
965 5.328949795710614 18.624312256137188
966 5.330009457698597 18.608997296970706
967 5.331062508829277 18.593677124191863
968 5.332108990423994 18.578351440489268
969 5.33314894354522 18.563019410688458
970 5.334182408997535 18.54768146053293
971 5.335209427328672 18.53233956868278
972 5.336230038830496 18.51699151760634
973 5.337244283539984 18.501639403877594
974 5.338252201240209 18.486281468113134
975 5.339253831461337 18.47091870082928
976 5.34024921348158 18.455551939073263
977 5.341238386328189 18.440180260019428
978 5.342221388778416 18.42480475737169
979 5.343198259360486 18.409425202863165
980 5.3441690363545495 18.39404140105169
981 5.345133757793651 18.37865360833808
982 5.3460924614646785 18.363262161826146
983 5.3470451849093195 18.347867318962866
984 5.347991965425008 18.332468854361412
985 5.348932840065879 18.317066874782277
986 5.349867845643694 18.301662000191694
987 5.350797018728807 18.286253580707456
988 5.3517203956510775 18.270842752437666
989 5.352638012500815 18.255429112493402
990 5.353549905129719 18.240012771154927
991 5.3544561091517995 18.224594278390622
992 5.35535665994431 18.20917254688248
993 5.356251592648675 18.193748668569825
994 5.357140942171405 18.178322953787273
995 5.358024743185199 18.162895005377464
996 5.358903030129506 18.147464877454002
997 5.35977583721162 18.132034301224255
998 5.360643198407611 18.116600402602426
999 5.361505147463233 18.101164901624085
1000 5.362361717894834 18.085727333977893
